<testsuites id="" name="" tests="7" failures="0" skipped="0" errors="0" time="330.03605699999997">
<testsuite name="five-minute-booking-journey.spec.ts" timestamp="2026-08-03T02:07:37.748Z" hostname="chrome" tests="7" failures="0" skipped="0" time="319.246" errors="0">
<testcase name="Five-minute journey — headed UI + correlation › 01 preflight pages on :8890" classname="five-minute-booking-journey.spec.ts" time="60.951">
<system-out>
<![CDATA[
[[ATTACHMENT|..\test-results\five-minute-booking-journe-68909--01-preflight-pages-on-8890-chrome\test-finished-1.png]]

[[ATTACHMENT|..\test-results\five-minute-booking-journe-68909--01-preflight-pages-on-8890-chrome\video.webm]]

[[ATTACHMENT|..\test-results\five-minute-booking-journe-68909--01-preflight-pages-on-8890-chrome\trace.zip]]
]]>
</system-out>
</testcase>
<testcase name="Five-minute journey — headed UI + correlation › 02 public tutor registration form submits" classname="five-minute-booking-journey.spec.ts" time="49.069">
<system-out>
<![CDATA[
[[ATTACHMENT|..\test-results\five-minute-booking-journe-43dbb-r-registration-form-submits-chrome\test-finished-1.png]]

[[ATTACHMENT|..\test-results\five-minute-booking-journe-43dbb-r-registration-form-submits-chrome\video.webm]]

[[ATTACHMENT|..\test-results\five-minute-booking-journe-43dbb-r-registration-form-submits-chrome\trace.zip]]
]]>
</system-out>
</testcase>
<testcase name="Five-minute journey — headed UI + correlation › 03 parent registration form submits" classname="five-minute-booking-journey.spec.ts" time="90.387">
<system-out>
<![CDATA[
[[ATTACHMENT|..\test-results\five-minute-booking-journe-ed55d-t-registration-form-submits-chrome\test-finished-1.png]]

[[ATTACHMENT|..\test-results\five-minute-booking-journe-ed55d-t-registration-form-submits-chrome\video.webm]]

[[ATTACHMENT|..\test-results\five-minute-booking-journe-ed55d-t-registration-form-submits-chrome\trace.zip]]
]]>
</system-out>
</testcase>
<testcase name="Five-minute journey — headed UI + correlation › 04 find-a-tutor marketplace shows bookable cards" classname="five-minute-booking-journey.spec.ts" time="32.775">
<system-out>
<![CDATA[
[[ATTACHMENT|..\test-results\five-minute-booking-journe-e3cfd-tplace-shows-bookable-cards-chrome\test-finished-1.png]]

[[ATTACHMENT|..\test-results\five-minute-booking-journe-e3cfd-tplace-shows-bookable-cards-chrome\video.webm]]

[[ATTACHMENT|..\test-results\five-minute-booking-journe-e3cfd-tplace-shows-bookable-cards-chrome\trace.zip]]
]]>
</system-out>
</testcase>
<testcase name="Five-minute journey — headed UI + correlation › 05 domain correlation evidence present" classname="five-minute-booking-journey.spec.ts" time="0.008">
<system-out>
<![CDATA[
[[ATTACHMENT|..\test-results\five-minute-booking-journe-f77fb-orrelation-evidence-present-chrome\trace.zip]]
]]>
</system-out>
</testcase>
<testcase name="Five-minute journey — headed UI + correlation › 06 admin surfaces reachable after login" classname="five-minute-booking-journey.spec.ts" time="62.792">
<system-out>
<![CDATA[
[[ATTACHMENT|..\test-results\five-minute-booking-journe-9caf2-faces-reachable-after-login-chrome\test-finished-1.png]]

[[ATTACHMENT|..\test-results\five-minute-booking-journe-9caf2-faces-reachable-after-login-chrome\video.webm]]

[[ATTACHMENT|..\test-results\five-minute-booking-journe-9caf2-faces-reachable-after-login-chrome\trace.zip]]
]]>
</system-out>
</testcase>
<testcase name="Five-minute journey — headed UI + correlation › 07 unauthorized visitor cannot see meeting secrets" classname="five-minute-booking-journey.spec.ts" time="23.264">
<system-out>
<![CDATA[
[[ATTACHMENT|..\test-results\five-minute-booking-journe-c4c52--cannot-see-meeting-secrets-chrome\test-finished-1.png]]

[[ATTACHMENT|..\test-results\five-minute-booking-journe-c4c52--cannot-see-meeting-secrets-chrome\trace.zip]]
]]>
</system-out>
</testcase>
</testsuite>
</testsuites>