<testsuites id="" name="" tests="13" failures="0" skipped="0" errors="0" time="281.77606799999995">
<testsuite name="economic-control-center-visual.spec.ts" timestamp="2026-08-31T09:02:08.457Z" hostname="chrome" tests="13" failures="0" skipped="0" time="264.245" errors="0">
<testcase name="Economic Control Center visual › overview 1800x1120" classname="economic-control-center-visual.spec.ts" time="11.098">
</testcase>
<testcase name="Economic Control Center visual › overview 1440x900" classname="economic-control-center-visual.spec.ts" time="10.91">
</testcase>
<testcase name="Economic Control Center visual › overview 1366x768" classname="economic-control-center-visual.spec.ts" time="12.161">
</testcase>
<testcase name="Economic Control Center visual › overview 1024x768" classname="economic-control-center-visual.spec.ts" time="12.037">
</testcase>
<testcase name="Economic Control Center visual › overview 768x1024" classname="economic-control-center-visual.spec.ts" time="49.943">
</testcase>
<testcase name="Economic Control Center visual › overview 390x844" classname="economic-control-center-visual.spec.ts" time="87.53">
</testcase>
<testcase name="Economic Control Center visual › screen treasury 1440x900" classname="economic-control-center-visual.spec.ts" time="42.046">
</testcase>
<testcase name="Economic Control Center visual › screen ledger 1440x900" classname="economic-control-center-visual.spec.ts" time="10.511">
</testcase>
<testcase name="Economic Control Center visual › screen wallets 1440x900" classname="economic-control-center-visual.spec.ts" time="5.828">
</testcase>
<testcase name="Economic Control Center visual › screen payments 1440x900" classname="economic-control-center-visual.spec.ts" time="5.878">
</testcase>
<testcase name="Economic Control Center visual › screen invoices 1440x900" classname="economic-control-center-visual.spec.ts" time="5.442">
</testcase>
<testcase name="Economic Control Center visual › screen reports 1440x900" classname="economic-control-center-visual.spec.ts" time="5.54">
</testcase>
<testcase name="Economic Control Center visual › screen settings 1440x900" classname="economic-control-center-visual.spec.ts" time="5.321">
</testcase>
</testsuite>
</testsuites>